2025-06-05 14:51:57 INFO  com.oslead.solutions.homeDutyTracker.dao.database.DatabaseSetup - Database creates: homeDutyTracker_db
2025-06-05 15:22:07 INFO  com.oslead.solutions.homeDutyTracker.dao.database.DatabaseSetup - Database creates: homeDutyTracker_db
2025-06-05 15:38:32 INFO  com.oslead.solutions.homeDutyTracker.dao.database.DatabaseSetup - Database creates: homeDutyTracker_db
2025-06-05 15:41:34 INFO  com.oslead.solution.homeDutyTracker.service.DatabaseSetupTest - Database creates: homeDutyTracker_dbTest
2025-06-05 15:43:34 INFO  com.oslead.solution.homeDutyTracker.service.DatabaseSetupTest - Database creates: homeDutyTracker_dbTest
2025-06-05 15:50:42 INFO  com.oslead.solution.homeDutyTracker.service.DatabaseSetupTest - Database creates: homeDutyTracker_dbTestService
2025-06-05 16:11:09 INFO  com.oslead.solutions.homeDutyTracker.dao.database.DatabaseSetupTestGlobal - Database creates: homeDutyTracker_dbTestDAO
2025-06-05 16:14:12 INFO  com.oslead.solutions.homeDutyTracker.dao.database.DatabaseSetupTestGlobal - Database creates: homeDutyTracker_dbTest
2025-06-05 16:19:55 INFO  com.oslead.solutions.homeDutyTracker.dao.database.DatabaseSetupTestGlobal - Database creates: homeDutyTracker_dbTest
2025-06-05 16:24:16 INFO  com.oslead.solutions.homeDutyTracker.dao.database.DatabaseSetupTestGlobal - Database creates: homeDutyTracker_dbTest
2025-06-05 16:24:17 INFO  com.oslead.solutions.homeDutyTracker.dao.UtilisateurDaoImpl - eeee Cissé
2025-06-05 16:24:18 INFO  com.oslead.solutions.homeDutyTracker.dao.UtilisateurDaoImpl - eeee Cissé
2025-06-05 16:24:18 INFO  com.oslead.solutions.homeDutyTracker.dao.UtilisateurDaoImpl - eeee Cissé
2025-06-05 16:24:18 INFO  com.oslead.solution.homeDutyTracker.service.NotificationServiceTest - testEnregistrerUtilisateur ok
2025-06-05 16:40:20 INFO  com.oslead.solutions.homeDutyTracker.dao.database.DatabaseSetupTestGlobal - Database creates: homeDutyTracker_dbTest
2025-06-05 16:41:53 INFO  com.oslead.solutions.homeDutyTracker.dao.database.DatabaseSetupTestGlobal - Database creates: homeDutyTracker_dbTest
2025-06-05 16:41:54 INFO  com.oslead.solutions.homeDutyTracker.dao.UtilisateurDaoImpl - eeee Cissé
2025-06-05 16:41:54 INFO  com.oslead.solutions.homeDutyTracker.dao.UtilisateurDaoImpl - eeee Cissé
2025-06-05 16:41:54 INFO  com.oslead.solutions.homeDutyTracker.dao.UtilisateurDaoImpl - eeee Cissé
2025-06-05 16:41:55 INFO  com.oslead.solution.homeDutyTracker.service.NotificationServiceTest - testEnregistrerUtilisateur ok
2025-06-05 16:53:44 INFO  com.oslead.solutions.homeDutyTracker.dao.database.DatabaseSetupTestGlobal - Database creates: homeDutyTracker_dbTest
2025-06-05 16:53:46 INFO  com.oslead.solutions.homeDutyTracker.dao.database.DatabaseSetupTestGlobal - Database creates: homeDutyTracker_dbTest
2025-06-05 16:53:47 INFO  com.oslead.solutions.homeDutyTracker.dao.UtilisateurDaoImpl - eeee Cissé
2025-06-05 16:53:48 INFO  com.oslead.solutions.homeDutyTracker.dao.UtilisateurDaoImpl - eeee Cissé
2025-06-05 16:53:48 INFO  com.oslead.solutions.homeDutyTracker.dao.UtilisateurDaoImpl - eeee Cissé
2025-06-05 16:53:48 INFO  com.oslead.solution.homeDutyTracker.service.NotificationServiceTest - testEnregistrerUtilisateur ok
2025-06-05 16:55:25 INFO  com.oslead.solutions.homeDutyTracker.dao.database.DatabaseSetupTestGlobal - Database creates: homeDutyTracker_dbTest
2025-06-05 16:55:27 ERROR com.oslead.solutions.homeDutyTracker.dao.TacheDaoImpl - Erreur inconnue lors de la création d'une tache. java.lang.NullPointerException: Cannot invoke "com.oslead.solutions.homeDutyTracker.domain.Parent.getId()" because the return value of "com.oslead.solutions.homeDutyTracker.domain.Tache.getCreateur()" is null
2025-06-05 16:55:27 INFO  com.oslead.solutions.homeDutyTracker.dao.database.DatabaseSetupTestGlobal - Database creates: homeDutyTracker_dbTest
2025-06-05 16:55:28 INFO  com.oslead.solutions.homeDutyTracker.dao.UtilisateurDaoImpl - eeee Cissé
2025-06-05 16:55:28 INFO  com.oslead.solutions.homeDutyTracker.dao.UtilisateurDaoImpl - eeee Cissé
2025-06-05 16:55:28 INFO  com.oslead.solutions.homeDutyTracker.dao.UtilisateurDaoImpl - eeee Cissé
2025-06-05 16:55:28 INFO  com.oslead.solution.homeDutyTracker.service.NotificationServiceTest - testEnregistrerUtilisateur ok
2025-06-05 16:57:09 INFO  com.oslead.solutions.homeDutyTracker.dao.database.DatabaseSetupTestGlobal - Database creates: homeDutyTracker_dbTest
2025-06-05 16:57:11 INFO  com.oslead.solutions.homeDutyTracker.dao.UtilisateurDaoImpl - eeee Cissé
2025-06-05 16:57:11 INFO  com.oslead.solutions.homeDutyTracker.dao.UtilisateurDaoImpl - eeee Cissé
2025-06-05 16:57:11 INFO  com.oslead.solutions.homeDutyTracker.dao.UtilisateurDaoImpl - eeee Cissé
2025-06-05 16:57:11 INFO  com.oslead.solution.homeDutyTracker.service.NotificationServiceTest - testEnregistrerUtilisateur ok
2025-06-05 17:11:54 INFO  com.oslead.solutions.homeDutyTracker.dao.database.DatabaseSetupTestGlobal - Database creates: homeDutyTracker_dbTest
2025-06-05 17:13:17 INFO  com.oslead.solutions.homeDutyTracker.dao.database.DatabaseSetupTestGlobal - Database creates: homeDutyTracker_dbTest
2025-06-05 17:13:19 INFO  com.oslead.solutions.homeDutyTracker.dao.UtilisateurDaoImpl - eeee Cissé
2025-06-05 17:13:19 INFO  com.oslead.solutions.homeDutyTracker.dao.UtilisateurDaoImpl - eeee Cissé
2025-06-05 17:13:19 INFO  com.oslead.solutions.homeDutyTracker.dao.UtilisateurDaoImpl - eeee Cissé
2025-06-05 17:13:19 INFO  com.oslead.solution.homeDutyTracker.service.NotificationServiceTest - testEnregistrerUtilisateur ok
